<?xml version="1.0" encoding="UTF-8"?>
<testsuite name="com.kenzie.app.MyHttpClientTest" tests="1" skipped="0" failures="0" errors="0" timestamp="2021-12-15T02:36:24" hostname="Peters-MBP.attlocal.net" time="0.255">
  <properties/>
  <testcase name="getFruitsTestTimeOut()" classname="com.kenzie.app.MyHttpClientTest" time="0.255"/>
  <system-out><![CDATA[]]></system-out>
  <system-err><![CDATA[]]></system-err>
</testsuite>
